<?xml version="1.0" encoding="UTF-8"?>
<!-- Generated by org.testng.reporters.JUnitReportReporter -->
<testsuite hostname="DESKTOP-QKIFPPL" failures="0" tests="4" name="api.test.UserTests" time="9.391" errors="0" timestamp="2024-05-21T21:36:17 IST" skipped="0">
  <testcase classname="api.test.UserTests" name="testPostUser" time="3.811"/>
  <testcase classname="api.test.UserTests" name="testGetUserByName" time="1.297"/>
  <testcase classname="api.test.UserTests" name="testUpdateUserByName" time="2.779"/>
  <testcase classname="api.test.UserTests" name="testDeleteUserByName" time="1.504"/>
</testsuite> <!-- api.test.UserTests -->
