<?xml version="1.0" encoding="UTF-8"?>
<!-- Generated by org.testng.reporters.JUnitReportReporter -->
<testsuite hostname="DESKTOP-QKIFPPL" failures="0" tests="4" name="api.test.UserTests2" time="7.658" errors="0" timestamp="2024-05-21T21:36:17 IST" skipped="0">
  <testcase classname="api.test.UserTests2" name="testPostUser" time="1.548"/>
  <testcase classname="api.test.UserTests2" name="testGetUserByName" time="1.527"/>
  <testcase classname="api.test.UserTests2" name="testUpdateUserByName" time="3.063"/>
  <testcase classname="api.test.UserTests2" name="testDeleteUserByName" time="1.520"/>
</testsuite> <!-- api.test.UserTests2 -->
