<?xml version="1.0" encoding="UTF-8"?>
<!-- Generated by org.testng.reporters.JUnitReportReporter -->
<testsuite hostname="DESKTOP-QKIFPPL" failures="0" tests="12" name="api.test.DataDrivenTests" time="15.882" errors="0" timestamp="2024-05-20T21:42:09 IST" skipped="0">
  <testcase classname="api.test.DataDrivenTests" name="testPostUser" time="1.160"/>
  <testcase classname="api.test.DataDrivenTests" name="testPostUser" time="1.137"/>
  <testcase classname="api.test.DataDrivenTests" name="testPostUser" time="1.149"/>
  <testcase classname="api.test.DataDrivenTests" name="testPostUser" time="1.090"/>
  <testcase classname="api.test.DataDrivenTests" name="testPostUser" time="3.481"/>
  <testcase classname="api.test.DataDrivenTests" name="testPostUser" time="1.158"/>
  <testcase classname="api.test.DataDrivenTests" name="testDeleteUserByName" time="1.127"/>
  <testcase classname="api.test.DataDrivenTests" name="testDeleteUserByName" time="1.125"/>
  <testcase classname="api.test.DataDrivenTests" name="testDeleteUserByName" time="1.092"/>
  <testcase classname="api.test.DataDrivenTests" name="testDeleteUserByName" time="1.164"/>
  <testcase classname="api.test.DataDrivenTests" name="testDeleteUserByName" time="1.095"/>
  <testcase classname="api.test.DataDrivenTests" name="testDeleteUserByName" time="1.104"/>
</testsuite> <!-- api.test.DataDrivenTests -->
