<?xml version="1.0" encoding="UTF-8"?>
<!-- Generated by org.testng.reporters.JUnitReportReporter -->
<testsuite hostname="DESKTOP-QKIFPPL" failures="0" tests="12" name="api.test.DataDrivenTests" time="19.807" errors="0" timestamp="2024-05-23T15:52:20 IST" skipped="0">
  <testcase classname="api.test.DataDrivenTests" name="testPostUser" time="1.546"/>
  <testcase classname="api.test.DataDrivenTests" name="testPostUser" time="1.528"/>
  <testcase classname="api.test.DataDrivenTests" name="testPostUser" time="1.232"/>
  <testcase classname="api.test.DataDrivenTests" name="testPostUser" time="1.275"/>
  <testcase classname="api.test.DataDrivenTests" name="testPostUser" time="4.102"/>
  <testcase classname="api.test.DataDrivenTests" name="testPostUser" time="1.279"/>
  <testcase classname="api.test.DataDrivenTests" name="testDeleteUserByName" time="1.533"/>
  <testcase classname="api.test.DataDrivenTests" name="testDeleteUserByName" time="1.376"/>
  <testcase classname="api.test.DataDrivenTests" name="testDeleteUserByName" time="1.536"/>
  <testcase classname="api.test.DataDrivenTests" name="testDeleteUserByName" time="1.434"/>
  <testcase classname="api.test.DataDrivenTests" name="testDeleteUserByName" time="1.533"/>
  <testcase classname="api.test.DataDrivenTests" name="testDeleteUserByName" time="1.433"/>
</testsuite> <!-- api.test.DataDrivenTests -->
