<?xml version="1.0" encoding="UTF-8"?>
<!-- Generated by org.testng.reporters.JUnitReportReporter -->
<testsuite hostname="DESKTOP-QKIFPPL" failures="0" tests="12" name="api.test.DataDrivenTests" time="16.999" errors="0" timestamp="2024-05-24T20:24:55 IST" skipped="0">
  <testcase classname="api.test.DataDrivenTests" name="testPostUser" time="1.138"/>
  <testcase classname="api.test.DataDrivenTests" name="testPostUser" time="1.083"/>
  <testcase classname="api.test.DataDrivenTests" name="testPostUser" time="1.174"/>
  <testcase classname="api.test.DataDrivenTests" name="testPostUser" time="3.919"/>
  <testcase classname="api.test.DataDrivenTests" name="testPostUser" time="1.131"/>
  <testcase classname="api.test.DataDrivenTests" name="testPostUser" time="1.194"/>
  <testcase classname="api.test.DataDrivenTests" name="testDeleteUserByName" time="1.164"/>
  <testcase classname="api.test.DataDrivenTests" name="testDeleteUserByName" time="1.171"/>
  <testcase classname="api.test.DataDrivenTests" name="testDeleteUserByName" time="1.125"/>
  <testcase classname="api.test.DataDrivenTests" name="testDeleteUserByName" time="1.319"/>
  <testcase classname="api.test.DataDrivenTests" name="testDeleteUserByName" time="1.409"/>
  <testcase classname="api.test.DataDrivenTests" name="testDeleteUserByName" time="1.172"/>
</testsuite> <!-- api.test.DataDrivenTests -->
