<?xml version="1.0" encoding="UTF-8"?>
<!-- Generated by org.testng.reporters.JUnitReportReporter -->
<testsuite hostname="DESKTOP-QKIFPPL" failures="0" tests="4" name="api.test.UserTests" time="6.747" errors="0" timestamp="2024-05-24T20:24:55 IST" skipped="0">
  <testcase classname="api.test.UserTests" name="testPostUser" time="1.396"/>
  <testcase classname="api.test.UserTests" name="testGetUserByName" time="1.459"/>
  <testcase classname="api.test.UserTests" name="testUpdateUserByName" time="2.472"/>
  <testcase classname="api.test.UserTests" name="testDeleteUserByName" time="1.420"/>
</testsuite> <!-- api.test.UserTests -->
