<?xml version="1.0" encoding="UTF-8"?>
<!-- Generated by org.testng.reporters.JUnitReportReporter -->
<testsuite hostname="DESKTOP-QKIFPPL" failures="0" tests="4" name="api.test.UserTests" time="7.082" errors="0" timestamp="2024-05-23T15:52:20 IST" skipped="0">
  <testcase classname="api.test.UserTests" name="testPostUser" time="1.366"/>
  <testcase classname="api.test.UserTests" name="testGetUserByName" time="1.310"/>
  <testcase classname="api.test.UserTests" name="testUpdateUserByName" time="3.068"/>
  <testcase classname="api.test.UserTests" name="testDeleteUserByName" time="1.338"/>
</testsuite> <!-- api.test.UserTests -->
